<?xml version="1.0" encoding="UTF-8"?>
<testng-results ignored="0" total="1" passed="1" failed="0" skipped="0">
  <reporter-output>
  </reporter-output>
  <suite started-at="2021-04-20T12:31:36 WAT" name="Default suite" finished-at="2021-04-20T12:32:08 WAT" duration-ms="32016">
    <groups>
    </groups>
    <test started-at="2021-04-20T12:31:36 WAT" name="Default test" finished-at="2021-04-20T12:32:08 WAT" duration-ms="32016">
      <class name="com.softalliance.qa.Selenium_gwen.AddReturnableProduct">
        <test-method signature="kashiar()[pri:0, instance:com.softalliance.qa.Selenium_gwen.AddReturnableProduct@2f54a33d]" started-at="2021-04-20T12:31:36 WAT" name="kashiar" finished-at="2021-04-20T12:32:08 WAT" duration-ms="31966" status="PASS">
          <reporter-output>
          </reporter-output>
        </test-method> <!-- kashiar -->
      </class> <!-- com.softalliance.qa.Selenium_gwen.AddReturnableProduct -->
    </test> <!-- Default test -->
  </suite> <!-- Default suite -->
</testng-results>
